0 verbose cli C:\Program Files\nodejs\node.exe C:\Users\15405\AppData\Roaming\npm\node_modules\npm\bin\npm-cli.js
1 info using npm@11.4.2
2 info using node@v22.16.0
3 silly config load:file:C:\Users\15405\AppData\Roaming\npm\node_modules\npm\npmrc
4 silly config load:file:C:\Users\15405\IntelliJ\influflow\sponsorflow\.npmrc
5 silly config load:file:C:\Users\15405\.npmrc
6 silly config load:file:C:\Users\15405\AppData\Roaming\npm\etc\npmrc
7 verbose title npm exec shadcn-ui@latest add button dialog calendar form input table --yes
8 verbose argv "exec" "--" "shadcn-ui@latest" "add" "button" "dialog" "calendar" "form" "input" "table" "--yes"
9 verbose logfile logs-max:10 dir:C:\Users\15405\IntelliJ\influflow\sponsorflow\tmpnodejsnpm-cache\_logs\2026-05-29T23_20_04_431Z-
10 verbose logfile C:\Users\15405\IntelliJ\influflow\sponsorflow\tmpnodejsnpm-cache\_logs\2026-05-29T23_20_04_431Z-debug-0.log
11 silly logfile done cleaning log files
12 silly packumentCache heap:2197815296 maxSize:549453824 maxEntrySize:274726912
13 http fetch GET 200 https://registry.npmjs.org/shadcn-ui 327ms (cache revalidated)
14 silly packumentCache heap:2197815296 maxSize:549453824 maxEntrySize:274726912
15 silly packumentCache heap:2197815296 maxSize:549453824 maxEntrySize:274726912
16 verbose cwd C:\Users\15405\IntelliJ\influflow\sponsorflow
17 verbose os Windows_NT 10.0.26200
18 verbose node v22.16.0
19 verbose npm  v11.4.2
20 verbose exit 0
21 info ok
