0 verbose cli C:\Program Files\nodejs\node.exe C:\Users\15405\AppData\Roaming\npm\node_modules\npm\bin\npm-cli.js
1 info using npm@11.4.2
2 info using node@v22.16.0
3 silly config load:file:C:\Users\15405\AppData\Roaming\npm\node_modules\npm\npmrc
4 silly config load:file:C:\Users\15405\IntelliJ\influflow\sponsorflow\.npmrc
5 silly config load:file:C:\Users\15405\.npmrc
6 silly config load:file:C:\Users\15405\AppData\Roaming\npm\etc\npmrc
7 verbose title npm run build
0 verbose cli C:\Program Files\nodejs\node.exe C:\Users\15405\AppData\Roaming\npm\node_modules\npm\bin\npm-cli.js
8 verbose argv "run" "build"
9 verbose logfile logs-max:10 dir:C:\Users\15405\IntelliJ\influflow\sponsorflow\tmpnodejsnpm-cache\_logs\2026-05-30T01_21_40_152Z-
10 verbose logfile C:\Users\15405\IntelliJ\influflow\sponsorflow\tmpnodejsnpm-cache\_logs\2026-05-30T01_21_40_152Z-debug-0.log
1 info using npm@11.4.2
2 info using node@v22.16.0
3 silly config load:file:C:\Users\15405\AppData\Roaming\npm\node_modules\npm\npmrc
4 silly config load:file:C:\Users\15405\IntelliJ\influflow\sponsorflow\.npmrc
5 silly config load:file:C:\Users\15405\.npmrc
6 silly config load:file:C:\Users\15405\AppData\Roaming\npm\etc\npmrc
7 verbose title npm run lint
8 verbose argv "run" "lint"
9 verbose logfile logs-max:10 dir:C:\Users\15405\IntelliJ\influflow\sponsorflow\tmpnodejsnpm-cache\_logs\2026-05-30T01_21_40_152Z-
10 verbose logfile C:\Users\15405\IntelliJ\influflow\sponsorflow\tmpnodejsnpm-cache\_logs\2026-05-30T01_21_40_152Z-debug-0.log
11 silly logfile start cleaning logs, removing 1 files
12 silly logfile done cleaning log files
11 silly logfile start cleaning logs, removing 1 files
12 silly logfile done cleaning log files
13 verbose cwd C:\Users\15405\IntelliJ\influflow\sponsorflow
14 verbose os Windows_NT 10.0.26200
15 verbose node v22.16.0
16 verbose npm  v11.4.2
17 verbose exit 0
18 info ok
13 verbose cwd C:\Users\15405\IntelliJ\influflow\sponsorflow
14 verbose os Windows_NT 10.0.26200
15 verbose node v22.16.0
16 verbose npm  v11.4.2
17 verbose exit 0
18 info ok
